{"/home/echelon/Desktop/interview-projects/blue-reciept/src/lib/index.js": {"path":"/home/echelon/Desktop/interview-projects/blue-reciept/src/lib/index.js","statementMap":{"0":{"start":{"line":1,"column":13},"end":{"line":1,"column":28}},"1":{"start":{"line":2,"column":22},"end":{"line":2,"column":37}},"2":{"start":{"line":3,"column":13},"end":{"line":3,"column":28}},"3":{"start":{"line":4,"column":34},"end":{"line":4,"column":54}},"4":{"start":{"line":6,"column":16},"end":{"line":6,"column":31}},"5":{"start":{"line":9,"column":13},"end":{"line":18,"column":1}},"6":{"start":{"line":20,"column":21},"end":{"line":32,"column":3}},"7":{"start":{"line":22,"column":2},"end":{"line":31,"column":4}},"8":{"start":{"line":24,"column":6},"end":{"line":26,"column":7}},"9":{"start":{"line":25,"column":8},"end":{"line":25,"column":19}},"10":{"start":{"line":27,"column":6},"end":{"line":27,"column":42}},"11":{"start":{"line":27,"column":28},"end":{"line":27,"column":42}},"12":{"start":{"line":28,"column":6},"end":{"line":28,"column":18}},"13":{"start":{"line":29,"column":6},"end":{"line":29,"column":20}},"14":{"start":{"line":34,"column":21},"end":{"line":39,"column":1}},"15":{"start":{"line":35,"column":20},"end":{"line":35,"column":29}},"16":{"start":{"line":36,"column":2},"end":{"line":36,"column":31}},"17":{"start":{"line":36,"column":18},"end":{"line":36,"column":31}},"18":{"start":{"line":38,"column":2},"end":{"line":38,"column":22}},"19":{"start":{"line":41,"column":27},"end":{"line":46,"column":1}},"20":{"start":{"line":42,"column":26},"end":{"line":42,"column":35}},"21":{"start":{"line":43,"column":2},"end":{"line":43,"column":37}},"22":{"start":{"line":43,"column":24},"end":{"line":43,"column":37}},"23":{"start":{"line":45,"column":2},"end":{"line":45,"column":30}},"24":{"start":{"line":48,"column":17},"end":{"line":53,"column":1}},"25":{"start":{"line":49,"column":16},"end":{"line":49,"column":25}},"26":{"start":{"line":50,"column":2},"end":{"line":50,"column":27}},"27":{"start":{"line":50,"column":14},"end":{"line":50,"column":27}},"28":{"start":{"line":52,"column":2},"end":{"line":52,"column":18}},"29":{"start":{"line":55,"column":18},"end":{"line":60,"column":1}},"30":{"start":{"line":56,"column":18},"end":{"line":56,"column":27}},"31":{"start":{"line":57,"column":2},"end":{"line":57,"column":26}},"32":{"start":{"line":57,"column":16},"end":{"line":57,"column":26}},"33":{"start":{"line":59,"column":2},"end":{"line":59,"column":85}},"34":{"start":{"line":59,"column":52},"end":{"line":59,"column":83}},"35":{"start":{"line":62,"column":20},"end":{"line":67,"column":1}},"36":{"start":{"line":63,"column":19},"end":{"line":63,"column":28}},"37":{"start":{"line":64,"column":2},"end":{"line":64,"column":30}},"38":{"start":{"line":64,"column":17},"end":{"line":64,"column":30}},"39":{"start":{"line":66,"column":2},"end":{"line":66,"column":61}},"40":{"start":{"line":69,"column":20},"end":{"line":74,"column":1}},"41":{"start":{"line":70,"column":19},"end":{"line":70,"column":28}},"42":{"start":{"line":71,"column":2},"end":{"line":71,"column":27}},"43":{"start":{"line":71,"column":17},"end":{"line":71,"column":27}},"44":{"start":{"line":73,"column":2},"end":{"line":73,"column":86}},"45":{"start":{"line":73,"column":35},"end":{"line":73,"column":84}},"46":{"start":{"line":76,"column":19},"end":{"line":81,"column":1}},"47":{"start":{"line":77,"column":18},"end":{"line":77,"column":27}},"48":{"start":{"line":78,"column":2},"end":{"line":78,"column":29}},"49":{"start":{"line":78,"column":16},"end":{"line":78,"column":29}},"50":{"start":{"line":80,"column":2},"end":{"line":80,"column":38}},"51":{"start":{"line":83,"column":18},"end":{"line":88,"column":1}},"52":{"start":{"line":84,"column":17},"end":{"line":84,"column":26}},"53":{"start":{"line":85,"column":2},"end":{"line":85,"column":28}},"54":{"start":{"line":85,"column":15},"end":{"line":85,"column":28}},"55":{"start":{"line":87,"column":2},"end":{"line":87,"column":19}},"56":{"start":{"line":90,"column":17},"end":{"line":109,"column":1}},"57":{"start":{"line":91,"column":20},"end":{"line":91,"column":69}},"58":{"start":{"line":92,"column":15},"end":{"line":92,"column":41}},"59":{"start":{"line":93,"column":16},"end":{"line":93,"column":51}},"60":{"start":{"line":94,"column":19},"end":{"line":94,"column":48}},"61":{"start":{"line":96,"column":17},"end":{"line":106,"column":3}},"62":{"start":{"line":108,"column":2},"end":{"line":108,"column":16}},"63":{"start":{"line":111,"column":23},"end":{"line":118,"column":1}},"64":{"start":{"line":112,"column":21},"end":{"line":112,"column":41}},"65":{"start":{"line":113,"column":2},"end":{"line":113,"column":19}},"66":{"start":{"line":114,"column":23},"end":{"line":114,"column":65}},"67":{"start":{"line":115,"column":27},"end":{"line":115,"column":54}},"68":{"start":{"line":117,"column":2},"end":{"line":117,"column":66}},"69":{"start":{"line":117,"column":43},"end":{"line":117,"column":64}},"70":{"start":{"line":120,"column":23},"end":{"line":128,"column":1}},"71":{"start":{"line":121,"column":32},"end":{"line":121,"column":40}},"72":{"start":{"line":122,"column":20},"end":{"line":122,"column":48}},"73":{"start":{"line":123,"column":21},"end":{"line":123,"column":51}},"74":{"start":{"line":124,"column":15},"end":{"line":124,"column":84}},"75":{"start":{"line":125,"column":16},"end":{"line":125,"column":39}},"76":{"start":{"line":127,"column":2},"end":{"line":127,"column":15}},"77":{"start":{"line":130,"column":39},"end":{"line":135,"column":1}},"78":{"start":{"line":131,"column":19},"end":{"line":131,"column":66}},"79":{"start":{"line":132,"column":15},"end":{"line":132,"column":45}},"80":{"start":{"line":134,"column":2},"end":{"line":134,"column":14}},"81":{"start":{"line":137,"column":0},"end":{"line":149,"column":2}}},"fnMap":{"0":{"name":"(anonymous_0)","decl":{"start":{"line":20,"column":21},"end":{"line":20,"column":22}},"loc":{"start":{"line":20,"column":33},"end":{"line":32,"column":1}},"line":20},"1":{"name":"(anonymous_1)","decl":{"start":{"line":23,"column":4},"end":{"line":23,"column":5}},"loc":{"start":{"line":23,"column":10},"end":{"line":30,"column":5}},"line":23},"2":{"name":"(anonymous_2)","decl":{"start":{"line":34,"column":21},"end":{"line":34,"column":22}},"loc":{"start":{"line":34,"column":36},"end":{"line":39,"column":1}},"line":34},"3":{"name":"(anonymous_3)","decl":{"start":{"line":41,"column":27},"end":{"line":41,"column":28}},"loc":{"start":{"line":41,"column":42},"end":{"line":46,"column":1}},"line":41},"4":{"name":"(anonymous_4)","decl":{"start":{"line":48,"column":17},"end":{"line":48,"column":18}},"loc":{"start":{"line":48,"column":32},"end":{"line":53,"column":1}},"line":48},"5":{"name":"(anonymous_5)","decl":{"start":{"line":55,"column":18},"end":{"line":55,"column":19}},"loc":{"start":{"line":55,"column":33},"end":{"line":60,"column":1}},"line":55},"6":{"name":"(anonymous_6)","decl":{"start":{"line":59,"column":41},"end":{"line":59,"column":42}},"loc":{"start":{"line":59,"column":52},"end":{"line":59,"column":83}},"line":59},"7":{"name":"(anonymous_7)","decl":{"start":{"line":62,"column":20},"end":{"line":62,"column":21}},"loc":{"start":{"line":62,"column":35},"end":{"line":67,"column":1}},"line":62},"8":{"name":"(anonymous_8)","decl":{"start":{"line":69,"column":20},"end":{"line":69,"column":21}},"loc":{"start":{"line":69,"column":35},"end":{"line":74,"column":1}},"line":69},"9":{"name":"(anonymous_9)","decl":{"start":{"line":73,"column":22},"end":{"line":73,"column":23}},"loc":{"start":{"line":73,"column":35},"end":{"line":73,"column":84}},"line":73},"10":{"name":"(anonymous_10)","decl":{"start":{"line":76,"column":19},"end":{"line":76,"column":20}},"loc":{"start":{"line":76,"column":34},"end":{"line":81,"column":1}},"line":76},"11":{"name":"(anonymous_11)","decl":{"start":{"line":83,"column":18},"end":{"line":83,"column":19}},"loc":{"start":{"line":83,"column":33},"end":{"line":88,"column":1}},"line":83},"12":{"name":"(anonymous_12)","decl":{"start":{"line":90,"column":17},"end":{"line":90,"column":18}},"loc":{"start":{"line":90,"column":60},"end":{"line":109,"column":1}},"line":90},"13":{"name":"(anonymous_13)","decl":{"start":{"line":111,"column":23},"end":{"line":111,"column":24}},"loc":{"start":{"line":111,"column":57},"end":{"line":118,"column":1}},"line":111},"14":{"name":"(anonymous_14)","decl":{"start":{"line":117,"column":33},"end":{"line":117,"column":34}},"loc":{"start":{"line":117,"column":43},"end":{"line":117,"column":64}},"line":117},"15":{"name":"(anonymous_15)","decl":{"start":{"line":120,"column":23},"end":{"line":120,"column":24}},"loc":{"start":{"line":120,"column":43},"end":{"line":128,"column":1}},"line":120},"16":{"name":"(anonymous_16)","decl":{"start":{"line":130,"column":39},"end":{"line":130,"column":40}},"loc":{"start":{"line":130,"column":82},"end":{"line":135,"column":1}},"line":130}},"branchMap":{"0":{"loc":{"start":{"line":24,"column":6},"end":{"line":26,"column":7}},"type":"if","locations":[{"start":{"line":24,"column":6},"end":{"line":26,"column":7}},{"start":{"line":24,"column":6},"end":{"line":26,"column":7}}],"line":24},"1":{"loc":{"start":{"line":27,"column":6},"end":{"line":27,"column":42}},"type":"if","locations":[{"start":{"line":27,"column":6},"end":{"line":27,"column":42}},{"start":{"line":27,"column":6},"end":{"line":27,"column":42}}],"line":27},"2":{"loc":{"start":{"line":36,"column":2},"end":{"line":36,"column":31}},"type":"if","locations":[{"start":{"line":36,"column":2},"end":{"line":36,"column":31}},{"start":{"line":36,"column":2},"end":{"line":36,"column":31}}],"line":36},"3":{"loc":{"start":{"line":43,"column":2},"end":{"line":43,"column":37}},"type":"if","locations":[{"start":{"line":43,"column":2},"end":{"line":43,"column":37}},{"start":{"line":43,"column":2},"end":{"line":43,"column":37}}],"line":43},"4":{"loc":{"start":{"line":50,"column":2},"end":{"line":50,"column":27}},"type":"if","locations":[{"start":{"line":50,"column":2},"end":{"line":50,"column":27}},{"start":{"line":50,"column":2},"end":{"line":50,"column":27}}],"line":50},"5":{"loc":{"start":{"line":57,"column":2},"end":{"line":57,"column":26}},"type":"if","locations":[{"start":{"line":57,"column":2},"end":{"line":57,"column":26}},{"start":{"line":57,"column":2},"end":{"line":57,"column":26}}],"line":57},"6":{"loc":{"start":{"line":64,"column":2},"end":{"line":64,"column":30}},"type":"if","locations":[{"start":{"line":64,"column":2},"end":{"line":64,"column":30}},{"start":{"line":64,"column":2},"end":{"line":64,"column":30}}],"line":64},"7":{"loc":{"start":{"line":71,"column":2},"end":{"line":71,"column":27}},"type":"if","locations":[{"start":{"line":71,"column":2},"end":{"line":71,"column":27}},{"start":{"line":71,"column":2},"end":{"line":71,"column":27}}],"line":71},"8":{"loc":{"start":{"line":78,"column":2},"end":{"line":78,"column":29}},"type":"if","locations":[{"start":{"line":78,"column":2},"end":{"line":78,"column":29}},{"start":{"line":78,"column":2},"end":{"line":78,"column":29}}],"line":78},"9":{"loc":{"start":{"line":85,"column":2},"end":{"line":85,"column":28}},"type":"if","locations":[{"start":{"line":85,"column":2},"end":{"line":85,"column":28}},{"start":{"line":85,"column":2},"end":{"line":85,"column":28}}],"line":85},"10":{"loc":{"start":{"line":111,"column":41},"end":{"line":111,"column":52}},"type":"default-arg","locations":[{"start":{"line":111,"column":50},"end":{"line":111,"column":52}}],"line":111}},"s":{"0":1,"1":1,"2":1,"3":1,"4":1,"5":1,"6":1,"7":1,"8":100006,"9":1,"10":100006,"11":7,"12":99999,"13":99999,"14":1,"15":2,"16":2,"17":1,"18":1,"19":1,"20":2,"21":2,"22":1,"23":1,"24":1,"25":2,"26":2,"27":1,"28":1,"29":1,"30":2,"31":2,"32":1,"33":1,"34":1,"35":1,"36":2,"37":2,"38":1,"39":1,"40":1,"41":2,"42":2,"43":1,"44":1,"45":1,"46":1,"47":2,"48":2,"49":1,"50":1,"51":1,"52":2,"53":2,"54":1,"55":1,"56":1,"57":0,"58":0,"59":0,"60":0,"61":0,"62":0,"63":1,"64":0,"65":0,"66":0,"67":0,"68":0,"69":0,"70":1,"71":0,"72":0,"73":0,"74":0,"75":0,"76":0,"77":1,"78":0,"79":0,"80":0,"81":1},"f":{"0":1,"1":100006,"2":2,"3":2,"4":2,"5":2,"6":1,"7":2,"8":2,"9":1,"10":2,"11":2,"12":0,"13":0,"14":0,"15":0,"16":0},"b":{"0":[1,100005],"1":[7,99999],"2":[1,1],"3":[1,1],"4":[1,1],"5":[1,1],"6":[1,1],"7":[1,1],"8":[1,1],"9":[1,1],"10":[0]},"_coverageSchema":"1a1c01bbd47fc00a2c39e90264f33305004495a9","hash":"e328da8d9d3b677adb784ad8a7966071eb42461d"}
,"/home/echelon/Desktop/interview-projects/blue-reciept/src/models/author.js": {"path":"/home/echelon/Desktop/interview-projects/blue-reciept/src/models/author.js","statementMap":{"0":{"start":{"line":1,"column":17},"end":{"line":1,"column":36}},"1":{"start":{"line":4,"column":21},"end":{"line":4,"column":58}},"2":{"start":{"line":5,"column":0},"end":{"line":5,"column":32}},"3":{"start":{"line":8,"column":13},"end":{"line":8,"column":75}},"4":{"start":{"line":8,"column":51},"end":{"line":8,"column":73}},"5":{"start":{"line":9,"column":2},"end":{"line":9,"column":97}},"6":{"start":{"line":9,"column":52},"end":{"line":9,"column":94}},"7":{"start":{"line":12,"column":2},"end":{"line":12,"column":36}},"8":{"start":{"line":12,"column":27},"end":{"line":12,"column":34}},"9":{"start":{"line":15,"column":0},"end":{"line":15,"column":38}},"10":{"start":{"line":17,"column":15},"end":{"line":17,"column":53}},"11":{"start":{"line":19,"column":0},"end":{"line":19,"column":24}}},"fnMap":{"0":{"name":"getIds","decl":{"start":{"line":7,"column":15},"end":{"line":7,"column":21}},"loc":{"start":{"line":7,"column":29},"end":{"line":13,"column":1}},"line":7},"1":{"name":"(anonymous_1)","decl":{"start":{"line":8,"column":41},"end":{"line":8,"column":42}},"loc":{"start":{"line":8,"column":51},"end":{"line":8,"column":73}},"line":8},"2":{"name":"(anonymous_2)","decl":{"start":{"line":9,"column":36},"end":{"line":9,"column":37}},"loc":{"start":{"line":9,"column":52},"end":{"line":9,"column":94}},"line":9},"3":{"name":"(anonymous_3)","decl":{"start":{"line":12,"column":18},"end":{"line":12,"column":19}},"loc":{"start":{"line":12,"column":27},"end":{"line":12,"column":34}},"line":12}},"branchMap":{"0":{"loc":{"start":{"line":9,"column":52},"end":{"line":9,"column":94}},"type":"binary-expr","locations":[{"start":{"line":9,"column":52},"end":{"line":9,"column":55}},{"start":{"line":9,"column":59},"end":{"line":9,"column":94}}],"line":9}},"s":{"0":1,"1":1,"2":1,"3":0,"4":0,"5":0,"6":0,"7":0,"8":0,"9":1,"10":1,"11":1},"f":{"0":0,"1":0,"2":0,"3":0},"b":{"0":[0,0]},"_coverageSchema":"1a1c01bbd47fc00a2c39e90264f33305004495a9","hash":"93b2dffb60cd8f0ed8a1caa5a9ae55a93207989f"}
,"/home/echelon/Desktop/interview-projects/blue-reciept/src/models/book.js": {"path":"/home/echelon/Desktop/interview-projects/blue-reciept/src/models/book.js","statementMap":{"0":{"start":{"line":1,"column":17},"end":{"line":1,"column":36}},"1":{"start":{"line":3,"column":19},"end":{"line":19,"column":2}},"2":{"start":{"line":20,"column":0},"end":{"line":20,"column":51}},"3":{"start":{"line":22,"column":13},"end":{"line":22,"column":47}},"4":{"start":{"line":24,"column":0},"end":{"line":24,"column":22}}},"fnMap":{},"branchMap":{},"s":{"0":1,"1":1,"2":1,"3":1,"4":1},"f":{},"b":{},"_coverageSchema":"1a1c01bbd47fc00a2c39e90264f33305004495a9","hash":"eb88d67753fb2a16e447ddb60edfb7f5d17a6e87"}
,"/home/echelon/Desktop/interview-projects/blue-reciept/src/models/index.js": {"path":"/home/echelon/Desktop/interview-projects/blue-reciept/src/models/index.js","statementMap":{"0":{"start":{"line":1,"column":17},"end":{"line":1,"column":36}},"1":{"start":{"line":2,"column":15},"end":{"line":2,"column":34}},"2":{"start":{"line":3,"column":13},"end":{"line":3,"column":30}},"3":{"start":{"line":4,"column":16},"end":{"line":4,"column":36}},"4":{"start":{"line":6,"column":0},"end":{"line":7,"column":77}},"5":{"start":{"line":9,"column":0},"end":{"line":9,"column":43}}},"fnMap":{},"branchMap":{},"s":{"0":1,"1":1,"2":1,"3":1,"4":1,"5":1},"f":{},"b":{},"_coverageSchema":"1a1c01bbd47fc00a2c39e90264f33305004495a9","hash":"16f8329fa269437aed3052595197e0e7595c5772"}
,"/home/echelon/Desktop/interview-projects/blue-reciept/src/models/subject.js": {"path":"/home/echelon/Desktop/interview-projects/blue-reciept/src/models/subject.js","statementMap":{"0":{"start":{"line":1,"column":17},"end":{"line":1,"column":36}},"1":{"start":{"line":3,"column":22},"end":{"line":3,"column":59}},"2":{"start":{"line":4,"column":0},"end":{"line":4,"column":33}},"3":{"start":{"line":7,"column":13},"end":{"line":7,"column":75}},"4":{"start":{"line":7,"column":51},"end":{"line":7,"column":73}},"5":{"start":{"line":8,"column":2},"end":{"line":8,"column":97}},"6":{"start":{"line":8,"column":52},"end":{"line":8,"column":94}},"7":{"start":{"line":11,"column":2},"end":{"line":11,"column":36}},"8":{"start":{"line":11,"column":27},"end":{"line":11,"column":34}},"9":{"start":{"line":14,"column":0},"end":{"line":14,"column":39}},"10":{"start":{"line":15,"column":16},"end":{"line":15,"column":56}},"11":{"start":{"line":17,"column":0},"end":{"line":17,"column":25}}},"fnMap":{"0":{"name":"getIds","decl":{"start":{"line":6,"column":15},"end":{"line":6,"column":21}},"loc":{"start":{"line":6,"column":29},"end":{"line":12,"column":1}},"line":6},"1":{"name":"(anonymous_1)","decl":{"start":{"line":7,"column":41},"end":{"line":7,"column":42}},"loc":{"start":{"line":7,"column":51},"end":{"line":7,"column":73}},"line":7},"2":{"name":"(anonymous_2)","decl":{"start":{"line":8,"column":36},"end":{"line":8,"column":37}},"loc":{"start":{"line":8,"column":52},"end":{"line":8,"column":94}},"line":8},"3":{"name":"(anonymous_3)","decl":{"start":{"line":11,"column":18},"end":{"line":11,"column":19}},"loc":{"start":{"line":11,"column":27},"end":{"line":11,"column":34}},"line":11}},"branchMap":{"0":{"loc":{"start":{"line":8,"column":52},"end":{"line":8,"column":94}},"type":"binary-expr","locations":[{"start":{"line":8,"column":52},"end":{"line":8,"column":55}},{"start":{"line":8,"column":59},"end":{"line":8,"column":94}}],"line":8}},"s":{"0":1,"1":1,"2":1,"3":0,"4":0,"5":0,"6":0,"7":0,"8":0,"9":1,"10":1,"11":1},"f":{"0":0,"1":0,"2":0,"3":0},"b":{"0":[0,0]},"_coverageSchema":"1a1c01bbd47fc00a2c39e90264f33305004495a9","hash":"a572f087217f3e8f06b02e781772b0a4f9d93bc2"}
}
