TN:
SF:src/lib/index.js
FN:20,(anonymous_0)
FN:23,(anonymous_1)
FN:34,(anonymous_2)
FN:41,(anonymous_3)
FN:48,(anonymous_4)
FN:55,(anonymous_5)
FN:59,(anonymous_6)
FN:62,(anonymous_7)
FN:69,(anonymous_8)
FN:73,(anonymous_9)
FN:76,(anonymous_10)
FN:83,(anonymous_11)
FN:90,(anonymous_12)
FN:111,(anonymous_13)
FN:117,(anonymous_14)
FN:120,(anonymous_15)
FN:130,(anonymous_16)
FNF:17
FNH:12
FNDA:1,(anonymous_0)
FNDA:100006,(anonymous_1)
FNDA:2,(anonymous_2)
FNDA:2,(anonymous_3)
FNDA:2,(anonymous_4)
FNDA:2,(anonymous_5)
FNDA:1,(anonymous_6)
FNDA:2,(anonymous_7)
FNDA:2,(anonymous_8)
FNDA:1,(anonymous_9)
FNDA:2,(anonymous_10)
FNDA:2,(anonymous_11)
FNDA:0,(anonymous_12)
FNDA:0,(anonymous_13)
FNDA:0,(anonymous_14)
FNDA:0,(anonymous_15)
FNDA:0,(anonymous_16)
DA:1,1
DA:2,1
DA:3,1
DA:4,1
DA:6,1
DA:9,1
DA:20,1
DA:22,1
DA:24,100006
DA:25,1
DA:27,100006
DA:28,99999
DA:29,99999
DA:34,1
DA:35,2
DA:36,2
DA:38,1
DA:41,1
DA:42,2
DA:43,2
DA:45,1
DA:48,1
DA:49,2
DA:50,2
DA:52,1
DA:55,1
DA:56,2
DA:57,2
DA:59,1
DA:62,1
DA:63,2
DA:64,2
DA:66,1
DA:69,1
DA:70,2
DA:71,2
DA:73,1
DA:76,1
DA:77,2
DA:78,2
DA:80,1
DA:83,1
DA:84,2
DA:85,2
DA:87,1
DA:90,1
DA:91,0
DA:92,0
DA:93,0
DA:94,0
DA:96,0
DA:108,0
DA:111,1
DA:112,0
DA:113,0
DA:114,0
DA:115,0
DA:117,0
DA:120,1
DA:121,0
DA:122,0
DA:123,0
DA:124,0
DA:125,0
DA:127,0
DA:130,1
DA:131,0
DA:132,0
DA:134,0
DA:137,1
LF:70
LH:50
BRDA:24,0,0,1
BRDA:24,0,1,100005
BRDA:27,1,0,7
BRDA:27,1,1,99999
BRDA:36,2,0,1
BRDA:36,2,1,1
BRDA:43,3,0,1
BRDA:43,3,1,1
BRDA:50,4,0,1
BRDA:50,4,1,1
BRDA:57,5,0,1
BRDA:57,5,1,1
BRDA:64,6,0,1
BRDA:64,6,1,1
BRDA:71,7,0,1
BRDA:71,7,1,1
BRDA:78,8,0,1
BRDA:78,8,1,1
BRDA:85,9,0,1
BRDA:85,9,1,1
BRDA:111,10,0,0
BRF:21
BRH:20
end_of_record
TN:
SF:src/models/author.js
FN:7,getIds
FN:8,(anonymous_1)
FN:9,(anonymous_2)
FN:12,(anonymous_3)
FNF:4
FNH:0
FNDA:0,getIds
FNDA:0,(anonymous_1)
FNDA:0,(anonymous_2)
FNDA:0,(anonymous_3)
DA:1,1
DA:4,1
DA:5,1
DA:8,0
DA:9,0
DA:12,0
DA:15,1
DA:17,1
DA:19,1
LF:9
LH:6
BRDA:9,0,0,0
BRDA:9,0,1,0
BRF:2
BRH:0
end_of_record
TN:
SF:src/models/book.js
FNF:0
FNH:0
DA:1,1
DA:3,1
DA:20,1
DA:22,1
DA:24,1
LF:5
LH:5
BRF:0
BRH:0
end_of_record
TN:
SF:src/models/index.js
FNF:0
FNH:0
DA:1,1
DA:2,1
DA:3,1
DA:4,1
DA:6,1
DA:9,1
LF:6
LH:6
BRF:0
BRH:0
end_of_record
TN:
SF:src/models/subject.js
FN:6,getIds
FN:7,(anonymous_1)
FN:8,(anonymous_2)
FN:11,(anonymous_3)
FNF:4
FNH:0
FNDA:0,getIds
FNDA:0,(anonymous_1)
FNDA:0,(anonymous_2)
FNDA:0,(anonymous_3)
DA:1,1
DA:3,1
DA:4,1
DA:7,0
DA:8,0
DA:11,0
DA:14,1
DA:15,1
DA:17,1
LF:9
LH:6
BRDA:8,0,0,0
BRDA:8,0,1,0
BRF:2
BRH:0
end_of_record
